[2025-10-09 21:42:46] ERROR in CREATE_ERROR: Image too large. Maximum size allowed: 2400x2400 pixels
[2025-10-09 21:43:00] ERROR in CREATE_ERROR: Image too large. Maximum size allowed: 2400x2400 pixels
[2025-10-10 00:12:00] ERROR in CREATE_ERROR: Image too small. Minimum size required: 1400x1400 pixels
[2025-10-10 00:16:54] ERROR in CREATE_ERROR: Image too small. Minimum size required: 1400x1400 pixels
[2025-10-10 00:36:46] ERROR in CREATE_ERROR: Image too small. Minimum size required: 1400x1400 pixels
[2025-10-10 01:00:43] ERROR in CREATE_ERROR: Image too small. Minimum size required: 1400x1400 pixels
[2025-10-10 01:00:55] ERROR in CREATE_ERROR: Image too small. Minimum size required: 1400x1400 pixels
[2025-10-10 01:17:00] ERROR in CREATE_ERROR: Image too small. Minimum size required: 1400x1400 pixels
[2025-10-10 01:30:38] ERROR in CREATE_ERROR: Image too small. Minimum size required: 1400x1400 pixels
[2025-10-10 01:30:51] ERROR in CREATE_ERROR: Image too small. Minimum size required: 1400x1400 pixels
[2025-10-10 01:31:04] ERROR in CREATE_ERROR: Image too small. Minimum size required: 1400x1400 pixels
[2025-10-10 01:33:02] ERROR in CREATE_ERROR: Image too small. Minimum size required: 1400x1400 pixels
[2025-10-13 18:25:48] ERROR in UPDATE_ERROR: Podcast title is required
[2025-10-13 18:25:50] ERROR in UPDATE_ERROR: Podcast title is required
[2025-10-13 18:25:53] ERROR in UPDATE_ERROR: Podcast title is required
[2025-10-13 18:25:55] ERROR in UPDATE_ERROR: Podcast title is required
[2025-10-17 23:21:24] ERROR in CREATE_SELF_HOSTED_ERROR: Image too small. Minimum size required: 1400x1400 pixels
[2025-10-18 00:07:38] ERROR in ADD_EPISODE_ERROR: Audio file or URL is required
[2025-10-18 00:14:00] ERROR in ADD_EPISODE_ERROR: Audio file or URL is required
[2025-10-18 02:39:31] ERROR in DELETE_ERROR: Podcast not found
[2025-10-20 17:24:00] ERROR in CREATE_SELF_HOSTED_ERROR: Failed to upload image. Please try again.
[2025-10-20 17:27:40] ERROR in CREATE_SELF_HOSTED_ERROR: Failed to upload image. Please try again.
[2025-10-20 17:29:47] ERROR in CREATE_SELF_HOSTED_ERROR: Failed to upload image. Please try again.
[2025-10-20 17:42:58] ERROR in CREATE_SELF_HOSTED_ERROR: Invalid email format
